[2024-08-27T01:20:05.067+0000] {taskinstance.py:1103} INFO - Dependencies all met for dep_context=non-requeueable deps ti=<TaskInstance: mysql_to_postgresql_etl.load manual__2024-08-27T01:19:59.318373+00:00 [queued]>
[2024-08-27T01:20:05.077+0000] {taskinstance.py:1103} INFO - Dependencies all met for dep_context=requeueable deps ti=<TaskInstance: mysql_to_postgresql_etl.load manual__2024-08-27T01:19:59.318373+00:00 [queued]>
[2024-08-27T01:20:05.078+0000] {taskinstance.py:1308} INFO - Starting attempt 1 of 2
[2024-08-27T01:20:05.092+0000] {taskinstance.py:1327} INFO - Executing <Task(PythonOperator): load> on 2024-08-27 01:19:59.318373+00:00
[2024-08-27T01:20:05.100+0000] {standard_task_runner.py:57} INFO - Started process 258 to run task
[2024-08-27T01:20:05.103+0000] {standard_task_runner.py:84} INFO - Running: ['***', 'tasks', 'run', 'mysql_to_postgresql_etl', 'load', 'manual__2024-08-27T01:19:59.318373+00:00', '--job-id', '9', '--raw', '--subdir', 'DAGS_FOLDER/test.py', '--cfg-path', '/tmp/tmpk955eoa8']
[2024-08-27T01:20:05.106+0000] {standard_task_runner.py:85} INFO - Job 9: Subtask load
[2024-08-27T01:20:05.156+0000] {task_command.py:410} INFO - Running <TaskInstance: mysql_to_postgresql_etl.load manual__2024-08-27T01:19:59.318373+00:00 [running]> on host 41675a30b3a8
[2024-08-27T01:20:05.244+0000] {taskinstance.py:1547} INFO - Exporting env vars: AIRFLOW_CTX_DAG_OWNER='***' AIRFLOW_CTX_DAG_ID='mysql_to_postgresql_etl' AIRFLOW_CTX_TASK_ID='load' AIRFLOW_CTX_EXECUTION_DATE='2024-08-27T01:19:59.318373+00:00' AIRFLOW_CTX_TRY_NUMBER='1' AIRFLOW_CTX_DAG_RUN_ID='manual__2024-08-27T01:19:59.318373+00:00'
[2024-08-27T01:20:05.290+0000] {base.py:73} INFO - Using connection ID 'postgres_default' for task execution.
[2024-08-27T01:20:05.354+0000] {logging_mixin.py:150} INFO - Table 'transformed_data6' created or already exists.
[2024-08-27T01:20:06.022+0000] {logging_mixin.py:150} INFO - Inserted 1000 rows into 'transformed_data6'
[2024-08-27T01:20:06.024+0000] {logging_mixin.py:150} INFO - Sample of uploaded data:
[2024-08-27T01:20:06.025+0000] {logging_mixin.py:150} INFO - (1, 19, 27.9, '18-29', 'Overweight')
[2024-08-27T01:20:06.025+0000] {logging_mixin.py:150} INFO - (2, 18, 33.77, '18-29', 'Obese')
[2024-08-27T01:20:06.025+0000] {logging_mixin.py:150} INFO - (3, 28, 33.0, '18-29', 'Obese')
[2024-08-27T01:20:06.026+0000] {logging_mixin.py:150} INFO - (4, 33, 22.705, '30-44', 'Normal')
[2024-08-27T01:20:06.026+0000] {logging_mixin.py:150} INFO - (5, 32, 28.88, '30-44', 'Overweight')
[2024-08-27T01:20:06.046+0000] {logging_mixin.py:150} INFO - Total rows in transformed_data6: 1000
[2024-08-27T01:20:06.047+0000] {logging_mixin.py:150} INFO - Data successfully loaded into PostgreSQL transformed_data6 table
[2024-08-27T01:20:06.048+0000] {python.py:183} INFO - Done. Returned value was: None
[2024-08-27T01:20:06.060+0000] {taskinstance.py:1350} INFO - Marking task as SUCCESS. dag_id=mysql_to_postgresql_etl, task_id=load, execution_date=20240827T011959, start_date=20240827T012005, end_date=20240827T012006
[2024-08-27T01:20:06.102+0000] {local_task_job_runner.py:225} INFO - Task exited with return code 0
[2024-08-27T01:20:06.122+0000] {taskinstance.py:2653} INFO - 0 downstream tasks scheduled from follow-on schedule check
